2017-06-05 15:36:17,235 <WARN > (localhost-startStop-1) [JetspeedLogger.java:232]- CayenneDatabasePsmlManagerService: error in refresh-rate configuration: using default
2017-06-05 15:36:35,044 <ERROR> (http-nio-8080-exec-7) [JetspeedLogger.java:157]- [org001] ALCSVScreen.doOutput
java.lang.NullPointerException
	at java.text.SimpleDateFormat.parse(SimpleDateFormat.java:1439)
	at java.text.DateFormat.parse(DateFormat.java:364)
	at com.aimluck.eip.modules.screens.ScheduleCsvExportScreen.getCSVString(ScheduleCsvExportScreen.java:149)
	at com.aimluck.eip.modules.screens.ALCSVScreen.doOutput(ALCSVScreen.java:62)
	at org.apache.turbine.modules.screens.RawScreen.doBuild(RawScreen.java:95)
	at org.apache.turbine.modules.Screen.build(Screen.java:99)
	at org.apache.turbine.modules.ScreenLoader.eval(ScreenLoader.java:129)
	at org.apache.turbine.modules.ScreenLoader.exec(ScreenLoader.java:144)
	at org.apache.turbine.modules.pages.DefaultPage.doBuild(DefaultPage.java:173)
	at org.apache.turbine.modules.Page.build(Page.java:90)
	at org.apache.turbine.modules.PageLoader.exec(PageLoader.java:123)
	at org.apache.turbine.Turbine.doGet(Turbine.java:563)
	at javax.servlet.http.HttpServlet.service(HttpServlet.java:624)
	at javax.servlet.http.HttpServlet.service(HttpServlet.java:731)
	at org.apache.catalina.core.ApplicationFilterChain.internalDoFilter(ApplicationFilterChain.java:303)
	at org.apache.catalina.core.ApplicationFilterChain.doFilter(ApplicationFilterChain.java:208)
	at org.apache.tomcat.websocket.server.WsFilter.doFilter(WsFilter.java:52)
	at org.apache.catalina.core.ApplicationFilterChain.internalDoFilter(ApplicationFilterChain.java:241)
	at org.apache.catalina.core.ApplicationFilterChain.doFilter(ApplicationFilterChain.java:208)
	at com.aimluck.eip.filter.ALBaseFilter.doFilter(ALBaseFilter.java:97)
	at org.apache.catalina.core.ApplicationFilterChain.internalDoFilter(ApplicationFilterChain.java:241)
	at org.apache.catalina.core.ApplicationFilterChain.doFilter(ApplicationFilterChain.java:208)
	at com.aimluck.eip.filter.ALReverseProxyFilter.doFilter(ALReverseProxyFilter.java:60)
	at org.apache.catalina.core.ApplicationFilterChain.internalDoFilter(ApplicationFilterChain.java:241)
	at org.apache.catalina.core.ApplicationFilterChain.doFilter(ApplicationFilterChain.java:208)
	at org.apache.catalina.core.StandardWrapperValve.invoke(StandardWrapperValve.java:218)
	at org.apache.catalina.core.StandardContextValve.invoke(StandardContextValve.java:122)
	at org.apache.catalina.authenticator.AuthenticatorBase.invoke(AuthenticatorBase.java:505)
	at org.apache.catalina.core.StandardHostValve.invoke(StandardHostValve.java:169)
	at org.apache.catalina.valves.ErrorReportValve.invoke(ErrorReportValve.java:103)
	at org.apache.catalina.valves.AccessLogValve.invoke(AccessLogValve.java:956)
	at org.apache.catalina.core.StandardEngineValve.invoke(StandardEngineValve.java:116)
	at org.apache.catalina.connector.CoyoteAdapter.service(CoyoteAdapter.java:442)
	at org.apache.coyote.http11.AbstractHttp11Processor.process(AbstractHttp11Processor.java:1082)
	at org.apache.coyote.AbstractProtocol$AbstractConnectionHandler.process(AbstractProtocol.java:623)
	at org.apache.tomcat.util.net.NioEndpoint$SocketProcessor.doRun(NioEndpoint.java:1756)
	at org.apache.tomcat.util.net.NioEndpoint$SocketProcessor.run(NioEndpoint.java:1715)
	at java.util.concurrent.ThreadPoolExecutor.runWorker(ThreadPoolExecutor.java:1142)
	at java.util.concurrent.ThreadPoolExecutor$Worker.run(ThreadPoolExecutor.java:617)
	at org.apache.tomcat.util.threads.TaskThread$WrappingRunnable.run(TaskThread.java:61)
	at java.lang.Thread.run(Thread.java:745)
2017-06-05 15:36:37,285 <ERROR> (http-nio-8080-exec-8) [JetspeedLogger.java:157]- [org001] ALCSVScreen.doOutput
java.lang.NullPointerException
	at java.text.SimpleDateFormat.parse(SimpleDateFormat.java:1439)
	at java.text.DateFormat.parse(DateFormat.java:364)
	at com.aimluck.eip.modules.screens.ScheduleCsvExportScreen.getCSVString(ScheduleCsvExportScreen.java:149)
	at com.aimluck.eip.modules.screens.ALCSVScreen.doOutput(ALCSVScreen.java:62)
	at org.apache.turbine.modules.screens.RawScreen.doBuild(RawScreen.java:95)
	at org.apache.turbine.modules.Screen.build(Screen.java:99)
	at org.apache.turbine.modules.ScreenLoader.eval(ScreenLoader.java:129)
	at org.apache.turbine.modules.ScreenLoader.exec(ScreenLoader.java:144)
	at org.apache.turbine.modules.pages.DefaultPage.doBuild(DefaultPage.java:173)
	at org.apache.turbine.modules.Page.build(Page.java:90)
	at org.apache.turbine.modules.PageLoader.exec(PageLoader.java:123)
	at org.apache.turbine.Turbine.doGet(Turbine.java:563)
	at javax.servlet.http.HttpServlet.service(HttpServlet.java:624)
	at javax.servlet.http.HttpServlet.service(HttpServlet.java:731)
	at org.apache.catalina.core.ApplicationFilterChain.internalDoFilter(ApplicationFilterChain.java:303)
	at org.apache.catalina.core.ApplicationFilterChain.doFilter(ApplicationFilterChain.java:208)
	at org.apache.tomcat.websocket.server.WsFilter.doFilter(WsFilter.java:52)
	at org.apache.catalina.core.ApplicationFilterChain.internalDoFilter(ApplicationFilterChain.java:241)
	at org.apache.catalina.core.ApplicationFilterChain.doFilter(ApplicationFilterChain.java:208)
	at com.aimluck.eip.filter.ALBaseFilter.doFilter(ALBaseFilter.java:97)
	at org.apache.catalina.core.ApplicationFilterChain.internalDoFilter(ApplicationFilterChain.java:241)
	at org.apache.catalina.core.ApplicationFilterChain.doFilter(ApplicationFilterChain.java:208)
	at com.aimluck.eip.filter.ALReverseProxyFilter.doFilter(ALReverseProxyFilter.java:60)
	at org.apache.catalina.core.ApplicationFilterChain.internalDoFilter(ApplicationFilterChain.java:241)
	at org.apache.catalina.core.ApplicationFilterChain.doFilter(ApplicationFilterChain.java:208)
	at org.apache.catalina.core.StandardWrapperValve.invoke(StandardWrapperValve.java:218)
	at org.apache.catalina.core.StandardContextValve.invoke(StandardContextValve.java:122)
	at org.apache.catalina.authenticator.AuthenticatorBase.invoke(AuthenticatorBase.java:505)
	at org.apache.catalina.core.StandardHostValve.invoke(StandardHostValve.java:169)
	at org.apache.catalina.valves.ErrorReportValve.invoke(ErrorReportValve.java:103)
	at org.apache.catalina.valves.AccessLogValve.invoke(AccessLogValve.java:956)
	at org.apache.catalina.core.StandardEngineValve.invoke(StandardEngineValve.java:116)
	at org.apache.catalina.connector.CoyoteAdapter.service(CoyoteAdapter.java:442)
	at org.apache.coyote.http11.AbstractHttp11Processor.process(AbstractHttp11Processor.java:1082)
	at org.apache.coyote.AbstractProtocol$AbstractConnectionHandler.process(AbstractProtocol.java:623)
	at org.apache.tomcat.util.net.NioEndpoint$SocketProcessor.doRun(NioEndpoint.java:1756)
	at org.apache.tomcat.util.net.NioEndpoint$SocketProcessor.run(NioEndpoint.java:1715)
	at java.util.concurrent.ThreadPoolExecutor.runWorker(ThreadPoolExecutor.java:1142)
	at java.util.concurrent.ThreadPoolExecutor$Worker.run(ThreadPoolExecutor.java:617)
	at org.apache.tomcat.util.threads.TaskThread$WrappingRunnable.run(TaskThread.java:61)
	at java.lang.Thread.run(Thread.java:745)
2017-06-05 15:39:05,271 <WARN > (localhost-startStop-1) [JetspeedLogger.java:232]- CayenneDatabasePsmlManagerService: error in refresh-rate configuration: using default
2017-06-05 15:39:30,644 <ERROR> (http-nio-8080-exec-6) [JetspeedLogger.java:157]- [org001] ALCSVScreen.doOutput
java.lang.NullPointerException
	at java.text.SimpleDateFormat.parse(SimpleDateFormat.java:1439)
	at java.text.DateFormat.parse(DateFormat.java:364)
	at com.aimluck.eip.modules.screens.ScheduleCsvExportScreen.getCSVString(ScheduleCsvExportScreen.java:149)
	at com.aimluck.eip.modules.screens.ALCSVScreen.doOutput(ALCSVScreen.java:62)
	at org.apache.turbine.modules.screens.RawScreen.doBuild(RawScreen.java:95)
	at org.apache.turbine.modules.Screen.build(Screen.java:99)
	at org.apache.turbine.modules.ScreenLoader.eval(ScreenLoader.java:129)
	at org.apache.turbine.modules.ScreenLoader.exec(ScreenLoader.java:144)
	at org.apache.turbine.modules.pages.DefaultPage.doBuild(DefaultPage.java:173)
	at org.apache.turbine.modules.Page.build(Page.java:90)
	at org.apache.turbine.modules.PageLoader.exec(PageLoader.java:123)
	at org.apache.turbine.Turbine.doGet(Turbine.java:563)
	at javax.servlet.http.HttpServlet.service(HttpServlet.java:624)
	at javax.servlet.http.HttpServlet.service(HttpServlet.java:731)
	at org.apache.catalina.core.ApplicationFilterChain.internalDoFilter(ApplicationFilterChain.java:303)
	at org.apache.catalina.core.ApplicationFilterChain.doFilter(ApplicationFilterChain.java:208)
	at org.apache.tomcat.websocket.server.WsFilter.doFilter(WsFilter.java:52)
	at org.apache.catalina.core.ApplicationFilterChain.internalDoFilter(ApplicationFilterChain.java:241)
	at org.apache.catalina.core.ApplicationFilterChain.doFilter(ApplicationFilterChain.java:208)
	at com.aimluck.eip.filter.ALBaseFilter.doFilter(ALBaseFilter.java:97)
	at org.apache.catalina.core.ApplicationFilterChain.internalDoFilter(ApplicationFilterChain.java:241)
	at org.apache.catalina.core.ApplicationFilterChain.doFilter(ApplicationFilterChain.java:208)
	at com.aimluck.eip.filter.ALReverseProxyFilter.doFilter(ALReverseProxyFilter.java:60)
	at org.apache.catalina.core.ApplicationFilterChain.internalDoFilter(ApplicationFilterChain.java:241)
	at org.apache.catalina.core.ApplicationFilterChain.doFilter(ApplicationFilterChain.java:208)
	at org.apache.catalina.core.StandardWrapperValve.invoke(StandardWrapperValve.java:218)
	at org.apache.catalina.core.StandardContextValve.invoke(StandardContextValve.java:122)
	at org.apache.catalina.authenticator.AuthenticatorBase.invoke(AuthenticatorBase.java:505)
	at org.apache.catalina.core.StandardHostValve.invoke(StandardHostValve.java:169)
	at org.apache.catalina.valves.ErrorReportValve.invoke(ErrorReportValve.java:103)
	at org.apache.catalina.valves.AccessLogValve.invoke(AccessLogValve.java:956)
	at org.apache.catalina.core.StandardEngineValve.invoke(StandardEngineValve.java:116)
	at org.apache.catalina.connector.CoyoteAdapter.service(CoyoteAdapter.java:442)
	at org.apache.coyote.http11.AbstractHttp11Processor.process(AbstractHttp11Processor.java:1082)
	at org.apache.coyote.AbstractProtocol$AbstractConnectionHandler.process(AbstractProtocol.java:623)
	at org.apache.tomcat.util.net.NioEndpoint$SocketProcessor.doRun(NioEndpoint.java:1756)
	at org.apache.tomcat.util.net.NioEndpoint$SocketProcessor.run(NioEndpoint.java:1715)
	at java.util.concurrent.ThreadPoolExecutor.runWorker(ThreadPoolExecutor.java:1142)
	at java.util.concurrent.ThreadPoolExecutor$Worker.run(ThreadPoolExecutor.java:617)
	at org.apache.tomcat.util.threads.TaskThread$WrappingRunnable.run(TaskThread.java:61)
	at java.lang.Thread.run(Thread.java:745)
2017-06-05 15:42:00,552 <WARN > (localhost-startStop-1) [JetspeedLogger.java:232]- CayenneDatabasePsmlManagerService: error in refresh-rate configuration: using default
2017-06-05 15:42:24,139 <ERROR> (http-nio-8080-exec-7) [JetspeedLogger.java:157]- [org001] ALCSVScreen.doOutput
java.lang.NullPointerException
	at java.text.SimpleDateFormat.parse(SimpleDateFormat.java:1439)
	at java.text.DateFormat.parse(DateFormat.java:364)
	at com.aimluck.eip.modules.screens.ScheduleCsvExportScreen.getCSVString(ScheduleCsvExportScreen.java:149)
	at com.aimluck.eip.modules.screens.ALCSVScreen.doOutput(ALCSVScreen.java:62)
	at org.apache.turbine.modules.screens.RawScreen.doBuild(RawScreen.java:95)
	at org.apache.turbine.modules.Screen.build(Screen.java:99)
	at org.apache.turbine.modules.ScreenLoader.eval(ScreenLoader.java:129)
	at org.apache.turbine.modules.ScreenLoader.exec(ScreenLoader.java:144)
	at org.apache.turbine.modules.pages.DefaultPage.doBuild(DefaultPage.java:173)
	at org.apache.turbine.modules.Page.build(Page.java:90)
	at org.apache.turbine.modules.PageLoader.exec(PageLoader.java:123)
	at org.apache.turbine.Turbine.doGet(Turbine.java:563)
	at javax.servlet.http.HttpServlet.service(HttpServlet.java:624)
	at javax.servlet.http.HttpServlet.service(HttpServlet.java:731)
	at org.apache.catalina.core.ApplicationFilterChain.internalDoFilter(ApplicationFilterChain.java:303)
	at org.apache.catalina.core.ApplicationFilterChain.doFilter(ApplicationFilterChain.java:208)
	at org.apache.tomcat.websocket.server.WsFilter.doFilter(WsFilter.java:52)
	at org.apache.catalina.core.ApplicationFilterChain.internalDoFilter(ApplicationFilterChain.java:241)
	at org.apache.catalina.core.ApplicationFilterChain.doFilter(ApplicationFilterChain.java:208)
	at com.aimluck.eip.filter.ALBaseFilter.doFilter(ALBaseFilter.java:97)
	at org.apache.catalina.core.ApplicationFilterChain.internalDoFilter(ApplicationFilterChain.java:241)
	at org.apache.catalina.core.ApplicationFilterChain.doFilter(ApplicationFilterChain.java:208)
	at com.aimluck.eip.filter.ALReverseProxyFilter.doFilter(ALReverseProxyFilter.java:60)
	at org.apache.catalina.core.ApplicationFilterChain.internalDoFilter(ApplicationFilterChain.java:241)
	at org.apache.catalina.core.ApplicationFilterChain.doFilter(ApplicationFilterChain.java:208)
	at org.apache.catalina.core.StandardWrapperValve.invoke(StandardWrapperValve.java:218)
	at org.apache.catalina.core.StandardContextValve.invoke(StandardContextValve.java:122)
	at org.apache.catalina.authenticator.AuthenticatorBase.invoke(AuthenticatorBase.java:505)
	at org.apache.catalina.core.StandardHostValve.invoke(StandardHostValve.java:169)
	at org.apache.catalina.valves.ErrorReportValve.invoke(ErrorReportValve.java:103)
	at org.apache.catalina.valves.AccessLogValve.invoke(AccessLogValve.java:956)
	at org.apache.catalina.core.StandardEngineValve.invoke(StandardEngineValve.java:116)
	at org.apache.catalina.connector.CoyoteAdapter.service(CoyoteAdapter.java:442)
	at org.apache.coyote.http11.AbstractHttp11Processor.process(AbstractHttp11Processor.java:1082)
	at org.apache.coyote.AbstractProtocol$AbstractConnectionHandler.process(AbstractProtocol.java:623)
	at org.apache.tomcat.util.net.NioEndpoint$SocketProcessor.doRun(NioEndpoint.java:1756)
	at org.apache.tomcat.util.net.NioEndpoint$SocketProcessor.run(NioEndpoint.java:1715)
	at java.util.concurrent.ThreadPoolExecutor.runWorker(ThreadPoolExecutor.java:1142)
	at java.util.concurrent.ThreadPoolExecutor$Worker.run(ThreadPoolExecutor.java:617)
	at org.apache.tomcat.util.threads.TaskThread$WrappingRunnable.run(TaskThread.java:61)
	at java.lang.Thread.run(Thread.java:745)
2017-06-05 15:48:13,613 <WARN > (localhost-startStop-1) [JetspeedLogger.java:232]- CayenneDatabasePsmlManagerService: error in refresh-rate configuration: using default
2017-06-05 15:49:16,451 <ERROR> (http-nio-8080-exec-5) [JetspeedLogger.java:157]- [org001] ALCSVScreen.doOutput
java.lang.NullPointerException
	at java.text.SimpleDateFormat.parse(SimpleDateFormat.java:1439)
	at java.text.DateFormat.parse(DateFormat.java:364)
	at com.aimluck.eip.modules.screens.ScheduleCsvExportScreen.getCSVString(ScheduleCsvExportScreen.java:149)
	at com.aimluck.eip.modules.screens.ALCSVScreen.doOutput(ALCSVScreen.java:62)
	at org.apache.turbine.modules.screens.RawScreen.doBuild(RawScreen.java:95)
	at org.apache.turbine.modules.Screen.build(Screen.java:99)
	at org.apache.turbine.modules.ScreenLoader.eval(ScreenLoader.java:129)
	at org.apache.turbine.modules.ScreenLoader.exec(ScreenLoader.java:144)
	at org.apache.turbine.modules.pages.DefaultPage.doBuild(DefaultPage.java:173)
	at org.apache.turbine.modules.Page.build(Page.java:90)
	at org.apache.turbine.modules.PageLoader.exec(PageLoader.java:123)
	at org.apache.turbine.Turbine.doGet(Turbine.java:563)
	at javax.servlet.http.HttpServlet.service(HttpServlet.java:624)
	at javax.servlet.http.HttpServlet.service(HttpServlet.java:731)
	at org.apache.catalina.core.ApplicationFilterChain.internalDoFilter(ApplicationFilterChain.java:303)
	at org.apache.catalina.core.ApplicationFilterChain.doFilter(ApplicationFilterChain.java:208)
	at org.apache.tomcat.websocket.server.WsFilter.doFilter(WsFilter.java:52)
	at org.apache.catalina.core.ApplicationFilterChain.internalDoFilter(ApplicationFilterChain.java:241)
	at org.apache.catalina.core.ApplicationFilterChain.doFilter(ApplicationFilterChain.java:208)
	at com.aimluck.eip.filter.ALBaseFilter.doFilter(ALBaseFilter.java:97)
	at org.apache.catalina.core.ApplicationFilterChain.internalDoFilter(ApplicationFilterChain.java:241)
	at org.apache.catalina.core.ApplicationFilterChain.doFilter(ApplicationFilterChain.java:208)
	at com.aimluck.eip.filter.ALReverseProxyFilter.doFilter(ALReverseProxyFilter.java:60)
	at org.apache.catalina.core.ApplicationFilterChain.internalDoFilter(ApplicationFilterChain.java:241)
	at org.apache.catalina.core.ApplicationFilterChain.doFilter(ApplicationFilterChain.java:208)
	at org.apache.catalina.core.StandardWrapperValve.invoke(StandardWrapperValve.java:218)
	at org.apache.catalina.core.StandardContextValve.invoke(StandardContextValve.java:122)
	at org.apache.catalina.authenticator.AuthenticatorBase.invoke(AuthenticatorBase.java:505)
	at org.apache.catalina.core.StandardHostValve.invoke(StandardHostValve.java:169)
	at org.apache.catalina.valves.ErrorReportValve.invoke(ErrorReportValve.java:103)
	at org.apache.catalina.valves.AccessLogValve.invoke(AccessLogValve.java:956)
	at org.apache.catalina.core.StandardEngineValve.invoke(StandardEngineValve.java:116)
	at org.apache.catalina.connector.CoyoteAdapter.service(CoyoteAdapter.java:442)
	at org.apache.coyote.http11.AbstractHttp11Processor.process(AbstractHttp11Processor.java:1082)
	at org.apache.coyote.AbstractProtocol$AbstractConnectionHandler.process(AbstractProtocol.java:623)
	at org.apache.tomcat.util.net.NioEndpoint$SocketProcessor.doRun(NioEndpoint.java:1756)
	at org.apache.tomcat.util.net.NioEndpoint$SocketProcessor.run(NioEndpoint.java:1715)
	at java.util.concurrent.ThreadPoolExecutor.runWorker(ThreadPoolExecutor.java:1142)
	at java.util.concurrent.ThreadPoolExecutor$Worker.run(ThreadPoolExecutor.java:617)
	at org.apache.tomcat.util.threads.TaskThread$WrappingRunnable.run(TaskThread.java:61)
	at java.lang.Thread.run(Thread.java:745)
2017-06-05 15:51:07,720 <WARN > (localhost-startStop-1) [JetspeedLogger.java:232]- CayenneDatabasePsmlManagerService: error in refresh-rate configuration: using default
2017-06-05 15:52:11,418 <ERROR> (http-nio-8080-exec-7) [JetspeedLogger.java:157]- [org001] ALCSVScreen.doOutput
java.lang.NullPointerException
	at java.text.SimpleDateFormat.parse(SimpleDateFormat.java:1439)
	at java.text.DateFormat.parse(DateFormat.java:364)
	at com.aimluck.eip.modules.screens.ScheduleCsvExportScreen.getCSVString(ScheduleCsvExportScreen.java:149)
	at com.aimluck.eip.modules.screens.ALCSVScreen.doOutput(ALCSVScreen.java:62)
	at org.apache.turbine.modules.screens.RawScreen.doBuild(RawScreen.java:95)
	at org.apache.turbine.modules.Screen.build(Screen.java:99)
	at org.apache.turbine.modules.ScreenLoader.eval(ScreenLoader.java:129)
	at org.apache.turbine.modules.ScreenLoader.exec(ScreenLoader.java:144)
	at org.apache.turbine.modules.pages.DefaultPage.doBuild(DefaultPage.java:173)
	at org.apache.turbine.modules.Page.build(Page.java:90)
	at org.apache.turbine.modules.PageLoader.exec(PageLoader.java:123)
	at org.apache.turbine.Turbine.doGet(Turbine.java:563)
	at javax.servlet.http.HttpServlet.service(HttpServlet.java:624)
	at javax.servlet.http.HttpServlet.service(HttpServlet.java:731)
	at org.apache.catalina.core.ApplicationFilterChain.internalDoFilter(ApplicationFilterChain.java:303)
	at org.apache.catalina.core.ApplicationFilterChain.doFilter(ApplicationFilterChain.java:208)
	at org.apache.tomcat.websocket.server.WsFilter.doFilter(WsFilter.java:52)
	at org.apache.catalina.core.ApplicationFilterChain.internalDoFilter(ApplicationFilterChain.java:241)
	at org.apache.catalina.core.ApplicationFilterChain.doFilter(ApplicationFilterChain.java:208)
	at com.aimluck.eip.filter.ALBaseFilter.doFilter(ALBaseFilter.java:97)
	at org.apache.catalina.core.ApplicationFilterChain.internalDoFilter(ApplicationFilterChain.java:241)
	at org.apache.catalina.core.ApplicationFilterChain.doFilter(ApplicationFilterChain.java:208)
	at com.aimluck.eip.filter.ALReverseProxyFilter.doFilter(ALReverseProxyFilter.java:60)
	at org.apache.catalina.core.ApplicationFilterChain.internalDoFilter(ApplicationFilterChain.java:241)
	at org.apache.catalina.core.ApplicationFilterChain.doFilter(ApplicationFilterChain.java:208)
	at org.apache.catalina.core.StandardWrapperValve.invoke(StandardWrapperValve.java:218)
	at org.apache.catalina.core.StandardContextValve.invoke(StandardContextValve.java:122)
	at org.apache.catalina.authenticator.AuthenticatorBase.invoke(AuthenticatorBase.java:505)
	at org.apache.catalina.core.StandardHostValve.invoke(StandardHostValve.java:169)
	at org.apache.catalina.valves.ErrorReportValve.invoke(ErrorReportValve.java:103)
	at org.apache.catalina.valves.AccessLogValve.invoke(AccessLogValve.java:956)
	at org.apache.catalina.core.StandardEngineValve.invoke(StandardEngineValve.java:116)
	at org.apache.catalina.connector.CoyoteAdapter.service(CoyoteAdapter.java:442)
	at org.apache.coyote.http11.AbstractHttp11Processor.process(AbstractHttp11Processor.java:1082)
	at org.apache.coyote.AbstractProtocol$AbstractConnectionHandler.process(AbstractProtocol.java:623)
	at org.apache.tomcat.util.net.NioEndpoint$SocketProcessor.doRun(NioEndpoint.java:1756)
	at org.apache.tomcat.util.net.NioEndpoint$SocketProcessor.run(NioEndpoint.java:1715)
	at java.util.concurrent.ThreadPoolExecutor.runWorker(ThreadPoolExecutor.java:1142)
	at java.util.concurrent.ThreadPoolExecutor$Worker.run(ThreadPoolExecutor.java:617)
	at org.apache.tomcat.util.threads.TaskThread$WrappingRunnable.run(TaskThread.java:61)
	at java.lang.Thread.run(Thread.java:745)
2017-06-05 15:57:44,224 <WARN > (localhost-startStop-1) [JetspeedLogger.java:232]- CayenneDatabasePsmlManagerService: error in refresh-rate configuration: using default
2017-06-05 15:58:08,355 <ERROR> (http-nio-8080-exec-5) [JetspeedLogger.java:157]- [org001] ALCSVScreen.doOutput
java.text.ParseException: Unparseable date: "2017-06"
	at java.text.DateFormat.parse(DateFormat.java:366)
	at com.aimluck.eip.modules.screens.ScheduleCsvExportScreen.getCSVString(ScheduleCsvExportScreen.java:149)
	at com.aimluck.eip.modules.screens.ALCSVScreen.doOutput(ALCSVScreen.java:62)
	at org.apache.turbine.modules.screens.RawScreen.doBuild(RawScreen.java:95)
	at org.apache.turbine.modules.Screen.build(Screen.java:99)
	at org.apache.turbine.modules.ScreenLoader.eval(ScreenLoader.java:129)
	at org.apache.turbine.modules.ScreenLoader.exec(ScreenLoader.java:144)
	at org.apache.turbine.modules.pages.DefaultPage.doBuild(DefaultPage.java:173)
	at org.apache.turbine.modules.Page.build(Page.java:90)
	at org.apache.turbine.modules.PageLoader.exec(PageLoader.java:123)
	at org.apache.turbine.Turbine.doGet(Turbine.java:563)
	at javax.servlet.http.HttpServlet.service(HttpServlet.java:624)
	at javax.servlet.http.HttpServlet.service(HttpServlet.java:731)
	at org.apache.catalina.core.ApplicationFilterChain.internalDoFilter(ApplicationFilterChain.java:303)
	at org.apache.catalina.core.ApplicationFilterChain.doFilter(ApplicationFilterChain.java:208)
	at org.apache.tomcat.websocket.server.WsFilter.doFilter(WsFilter.java:52)
	at org.apache.catalina.core.ApplicationFilterChain.internalDoFilter(ApplicationFilterChain.java:241)
	at org.apache.catalina.core.ApplicationFilterChain.doFilter(ApplicationFilterChain.java:208)
	at com.aimluck.eip.filter.ALBaseFilter.doFilter(ALBaseFilter.java:97)
	at org.apache.catalina.core.ApplicationFilterChain.internalDoFilter(ApplicationFilterChain.java:241)
	at org.apache.catalina.core.ApplicationFilterChain.doFilter(ApplicationFilterChain.java:208)
	at com.aimluck.eip.filter.ALReverseProxyFilter.doFilter(ALReverseProxyFilter.java:60)
	at org.apache.catalina.core.ApplicationFilterChain.internalDoFilter(ApplicationFilterChain.java:241)
	at org.apache.catalina.core.ApplicationFilterChain.doFilter(ApplicationFilterChain.java:208)
	at org.apache.catalina.core.StandardWrapperValve.invoke(StandardWrapperValve.java:218)
	at org.apache.catalina.core.StandardContextValve.invoke(StandardContextValve.java:122)
	at org.apache.catalina.authenticator.AuthenticatorBase.invoke(AuthenticatorBase.java:505)
	at org.apache.catalina.core.StandardHostValve.invoke(StandardHostValve.java:169)
	at org.apache.catalina.valves.ErrorReportValve.invoke(ErrorReportValve.java:103)
	at org.apache.catalina.valves.AccessLogValve.invoke(AccessLogValve.java:956)
	at org.apache.catalina.core.StandardEngineValve.invoke(StandardEngineValve.java:116)
	at org.apache.catalina.connector.CoyoteAdapter.service(CoyoteAdapter.java:442)
	at org.apache.coyote.http11.AbstractHttp11Processor.process(AbstractHttp11Processor.java:1082)
	at org.apache.coyote.AbstractProtocol$AbstractConnectionHandler.process(AbstractProtocol.java:623)
	at org.apache.tomcat.util.net.NioEndpoint$SocketProcessor.doRun(NioEndpoint.java:1756)
	at org.apache.tomcat.util.net.NioEndpoint$SocketProcessor.run(NioEndpoint.java:1715)
	at java.util.concurrent.ThreadPoolExecutor.runWorker(ThreadPoolExecutor.java:1142)
	at java.util.concurrent.ThreadPoolExecutor$Worker.run(ThreadPoolExecutor.java:617)
	at org.apache.tomcat.util.threads.TaskThread$WrappingRunnable.run(TaskThread.java:61)
	at java.lang.Thread.run(Thread.java:745)
2017-06-05 15:59:31,637 <WARN > (localhost-startStop-1) [JetspeedLogger.java:232]- CayenneDatabasePsmlManagerService: error in refresh-rate configuration: using default
2017-06-05 15:59:51,916 <ERROR> (http-nio-8080-exec-7) [JetspeedLogger.java:157]- [org001] ALCSVScreen.doOutput
java.text.ParseException: Unparseable date: "2017-06"
	at java.text.DateFormat.parse(DateFormat.java:366)
	at com.aimluck.eip.modules.screens.ScheduleCsvExportScreen.getCSVString(ScheduleCsvExportScreen.java:149)
	at com.aimluck.eip.modules.screens.ALCSVScreen.doOutput(ALCSVScreen.java:62)
	at org.apache.turbine.modules.screens.RawScreen.doBuild(RawScreen.java:95)
	at org.apache.turbine.modules.Screen.build(Screen.java:99)
	at org.apache.turbine.modules.ScreenLoader.eval(ScreenLoader.java:129)
	at org.apache.turbine.modules.ScreenLoader.exec(ScreenLoader.java:144)
	at org.apache.turbine.modules.pages.DefaultPage.doBuild(DefaultPage.java:173)
	at org.apache.turbine.modules.Page.build(Page.java:90)
	at org.apache.turbine.modules.PageLoader.exec(PageLoader.java:123)
	at org.apache.turbine.Turbine.doGet(Turbine.java:563)
	at javax.servlet.http.HttpServlet.service(HttpServlet.java:624)
	at javax.servlet.http.HttpServlet.service(HttpServlet.java:731)
	at org.apache.catalina.core.ApplicationFilterChain.internalDoFilter(ApplicationFilterChain.java:303)
	at org.apache.catalina.core.ApplicationFilterChain.doFilter(ApplicationFilterChain.java:208)
	at org.apache.tomcat.websocket.server.WsFilter.doFilter(WsFilter.java:52)
	at org.apache.catalina.core.ApplicationFilterChain.internalDoFilter(ApplicationFilterChain.java:241)
	at org.apache.catalina.core.ApplicationFilterChain.doFilter(ApplicationFilterChain.java:208)
	at com.aimluck.eip.filter.ALBaseFilter.doFilter(ALBaseFilter.java:97)
	at org.apache.catalina.core.ApplicationFilterChain.internalDoFilter(ApplicationFilterChain.java:241)
	at org.apache.catalina.core.ApplicationFilterChain.doFilter(ApplicationFilterChain.java:208)
	at com.aimluck.eip.filter.ALReverseProxyFilter.doFilter(ALReverseProxyFilter.java:60)
	at org.apache.catalina.core.ApplicationFilterChain.internalDoFilter(ApplicationFilterChain.java:241)
	at org.apache.catalina.core.ApplicationFilterChain.doFilter(ApplicationFilterChain.java:208)
	at org.apache.catalina.core.StandardWrapperValve.invoke(StandardWrapperValve.java:218)
	at org.apache.catalina.core.StandardContextValve.invoke(StandardContextValve.java:122)
	at org.apache.catalina.authenticator.AuthenticatorBase.invoke(AuthenticatorBase.java:505)
	at org.apache.catalina.core.StandardHostValve.invoke(StandardHostValve.java:169)
	at org.apache.catalina.valves.ErrorReportValve.invoke(ErrorReportValve.java:103)
	at org.apache.catalina.valves.AccessLogValve.invoke(AccessLogValve.java:956)
	at org.apache.catalina.core.StandardEngineValve.invoke(StandardEngineValve.java:116)
	at org.apache.catalina.connector.CoyoteAdapter.service(CoyoteAdapter.java:442)
	at org.apache.coyote.http11.AbstractHttp11Processor.process(AbstractHttp11Processor.java:1082)
	at org.apache.coyote.AbstractProtocol$AbstractConnectionHandler.process(AbstractProtocol.java:623)
	at org.apache.tomcat.util.net.NioEndpoint$SocketProcessor.doRun(NioEndpoint.java:1756)
	at org.apache.tomcat.util.net.NioEndpoint$SocketProcessor.run(NioEndpoint.java:1715)
	at java.util.concurrent.ThreadPoolExecutor.runWorker(ThreadPoolExecutor.java:1142)
	at java.util.concurrent.ThreadPoolExecutor$Worker.run(ThreadPoolExecutor.java:617)
	at org.apache.tomcat.util.threads.TaskThread$WrappingRunnable.run(TaskThread.java:61)
	at java.lang.Thread.run(Thread.java:745)
2017-06-05 16:12:21,761 <WARN > (localhost-startStop-1) [JetspeedLogger.java:232]- CayenneDatabasePsmlManagerService: error in refresh-rate configuration: using default
2017-06-05 16:13:38,178 <ERROR> (http-nio-8080-exec-5) [JetspeedLogger.java:157]- [org001] ALCSVScreen.doOutput
java.text.ParseException: Unparseable date: "2017-07"
	at java.text.DateFormat.parse(DateFormat.java:366)
	at com.aimluck.eip.modules.screens.ScheduleCsvExportScreen.getCSVString(ScheduleCsvExportScreen.java:149)
	at com.aimluck.eip.modules.screens.ALCSVScreen.doOutput(ALCSVScreen.java:62)
	at org.apache.turbine.modules.screens.RawScreen.doBuild(RawScreen.java:95)
	at org.apache.turbine.modules.Screen.build(Screen.java:99)
	at org.apache.turbine.modules.ScreenLoader.eval(ScreenLoader.java:129)
	at org.apache.turbine.modules.ScreenLoader.exec(ScreenLoader.java:144)
	at org.apache.turbine.modules.pages.DefaultPage.doBuild(DefaultPage.java:173)
	at org.apache.turbine.modules.Page.build(Page.java:90)
	at org.apache.turbine.modules.PageLoader.exec(PageLoader.java:123)
	at org.apache.turbine.Turbine.doGet(Turbine.java:563)
	at javax.servlet.http.HttpServlet.service(HttpServlet.java:624)
	at javax.servlet.http.HttpServlet.service(HttpServlet.java:731)
	at org.apache.catalina.core.ApplicationFilterChain.internalDoFilter(ApplicationFilterChain.java:303)
	at org.apache.catalina.core.ApplicationFilterChain.doFilter(ApplicationFilterChain.java:208)
	at org.apache.tomcat.websocket.server.WsFilter.doFilter(WsFilter.java:52)
	at org.apache.catalina.core.ApplicationFilterChain.internalDoFilter(ApplicationFilterChain.java:241)
	at org.apache.catalina.core.ApplicationFilterChain.doFilter(ApplicationFilterChain.java:208)
	at com.aimluck.eip.filter.ALBaseFilter.doFilter(ALBaseFilter.java:97)
	at org.apache.catalina.core.ApplicationFilterChain.internalDoFilter(ApplicationFilterChain.java:241)
	at org.apache.catalina.core.ApplicationFilterChain.doFilter(ApplicationFilterChain.java:208)
	at com.aimluck.eip.filter.ALReverseProxyFilter.doFilter(ALReverseProxyFilter.java:60)
	at org.apache.catalina.core.ApplicationFilterChain.internalDoFilter(ApplicationFilterChain.java:241)
	at org.apache.catalina.core.ApplicationFilterChain.doFilter(ApplicationFilterChain.java:208)
	at org.apache.catalina.core.StandardWrapperValve.invoke(StandardWrapperValve.java:218)
	at org.apache.catalina.core.StandardContextValve.invoke(StandardContextValve.java:122)
	at org.apache.catalina.authenticator.AuthenticatorBase.invoke(AuthenticatorBase.java:505)
	at org.apache.catalina.core.StandardHostValve.invoke(StandardHostValve.java:169)
	at org.apache.catalina.valves.ErrorReportValve.invoke(ErrorReportValve.java:103)
	at org.apache.catalina.valves.AccessLogValve.invoke(AccessLogValve.java:956)
	at org.apache.catalina.core.StandardEngineValve.invoke(StandardEngineValve.java:116)
	at org.apache.catalina.connector.CoyoteAdapter.service(CoyoteAdapter.java:442)
	at org.apache.coyote.http11.AbstractHttp11Processor.process(AbstractHttp11Processor.java:1082)
	at org.apache.coyote.AbstractProtocol$AbstractConnectionHandler.process(AbstractProtocol.java:623)
	at org.apache.tomcat.util.net.NioEndpoint$SocketProcessor.doRun(NioEndpoint.java:1756)
	at org.apache.tomcat.util.net.NioEndpoint$SocketProcessor.run(NioEndpoint.java:1715)
	at java.util.concurrent.ThreadPoolExecutor.runWorker(ThreadPoolExecutor.java:1142)
	at java.util.concurrent.ThreadPoolExecutor$Worker.run(ThreadPoolExecutor.java:617)
	at org.apache.tomcat.util.threads.TaskThread$WrappingRunnable.run(TaskThread.java:61)
	at java.lang.Thread.run(Thread.java:745)
2017-06-05 16:14:43,065 <WARN > (localhost-startStop-1) [JetspeedLogger.java:232]- CayenneDatabasePsmlManagerService: error in refresh-rate configuration: using default
2017-06-05 16:16:04,074 <WARN > (localhost-startStop-1) [JetspeedLogger.java:232]- CayenneDatabasePsmlManagerService: error in refresh-rate configuration: using default
2017-06-05 16:16:36,459 <ERROR> (http-nio-8080-exec-7) [JetspeedLogger.java:157]- [org001] ALCSVScreen.doOutput
java.text.ParseException: Unparseable date: "2017-07;void(0);"
	at java.text.DateFormat.parse(DateFormat.java:366)
	at com.aimluck.eip.modules.screens.ScheduleCsvExportScreen.getCSVString(ScheduleCsvExportScreen.java:149)
	at com.aimluck.eip.modules.screens.ALCSVScreen.doOutput(ALCSVScreen.java:62)
	at org.apache.turbine.modules.screens.RawScreen.doBuild(RawScreen.java:95)
	at org.apache.turbine.modules.Screen.build(Screen.java:99)
	at org.apache.turbine.modules.ScreenLoader.eval(ScreenLoader.java:129)
	at org.apache.turbine.modules.ScreenLoader.exec(ScreenLoader.java:144)
	at org.apache.turbine.modules.pages.DefaultPage.doBuild(DefaultPage.java:173)
	at org.apache.turbine.modules.Page.build(Page.java:90)
	at org.apache.turbine.modules.PageLoader.exec(PageLoader.java:123)
	at org.apache.turbine.Turbine.doGet(Turbine.java:563)
	at javax.servlet.http.HttpServlet.service(HttpServlet.java:624)
	at javax.servlet.http.HttpServlet.service(HttpServlet.java:731)
	at org.apache.catalina.core.ApplicationFilterChain.internalDoFilter(ApplicationFilterChain.java:303)
	at org.apache.catalina.core.ApplicationFilterChain.doFilter(ApplicationFilterChain.java:208)
	at org.apache.tomcat.websocket.server.WsFilter.doFilter(WsFilter.java:52)
	at org.apache.catalina.core.ApplicationFilterChain.internalDoFilter(ApplicationFilterChain.java:241)
	at org.apache.catalina.core.ApplicationFilterChain.doFilter(ApplicationFilterChain.java:208)
	at com.aimluck.eip.filter.ALBaseFilter.doFilter(ALBaseFilter.java:97)
	at org.apache.catalina.core.ApplicationFilterChain.internalDoFilter(ApplicationFilterChain.java:241)
	at org.apache.catalina.core.ApplicationFilterChain.doFilter(ApplicationFilterChain.java:208)
	at com.aimluck.eip.filter.ALReverseProxyFilter.doFilter(ALReverseProxyFilter.java:60)
	at org.apache.catalina.core.ApplicationFilterChain.internalDoFilter(ApplicationFilterChain.java:241)
	at org.apache.catalina.core.ApplicationFilterChain.doFilter(ApplicationFilterChain.java:208)
	at org.apache.catalina.core.StandardWrapperValve.invoke(StandardWrapperValve.java:218)
	at org.apache.catalina.core.StandardContextValve.invoke(StandardContextValve.java:122)
	at org.apache.catalina.authenticator.AuthenticatorBase.invoke(AuthenticatorBase.java:505)
	at org.apache.catalina.core.StandardHostValve.invoke(StandardHostValve.java:169)
	at org.apache.catalina.valves.ErrorReportValve.invoke(ErrorReportValve.java:103)
	at org.apache.catalina.valves.AccessLogValve.invoke(AccessLogValve.java:956)
	at org.apache.catalina.core.StandardEngineValve.invoke(StandardEngineValve.java:116)
	at org.apache.catalina.connector.CoyoteAdapter.service(CoyoteAdapter.java:442)
	at org.apache.coyote.http11.AbstractHttp11Processor.process(AbstractHttp11Processor.java:1082)
	at org.apache.coyote.AbstractProtocol$AbstractConnectionHandler.process(AbstractProtocol.java:623)
	at org.apache.tomcat.util.net.NioEndpoint$SocketProcessor.doRun(NioEndpoint.java:1756)
	at org.apache.tomcat.util.net.NioEndpoint$SocketProcessor.run(NioEndpoint.java:1715)
	at java.util.concurrent.ThreadPoolExecutor.runWorker(ThreadPoolExecutor.java:1142)
	at java.util.concurrent.ThreadPoolExecutor$Worker.run(ThreadPoolExecutor.java:617)
	at org.apache.tomcat.util.threads.TaskThread$WrappingRunnable.run(TaskThread.java:61)
	at java.lang.Thread.run(Thread.java:745)
2017-06-05 16:18:18,398 <WARN > (localhost-startStop-1) [JetspeedLogger.java:232]- CayenneDatabasePsmlManagerService: error in refresh-rate configuration: using default
2017-06-05 16:21:33,704 <WARN > (localhost-startStop-1) [JetspeedLogger.java:232]- CayenneDatabasePsmlManagerService: error in refresh-rate configuration: using default
2017-06-05 16:25:43,228 <WARN > (localhost-startStop-1) [JetspeedLogger.java:232]- CayenneDatabasePsmlManagerService: error in refresh-rate configuration: using default
2017-06-05 16:27:53,858 <WARN > (localhost-startStop-1) [JetspeedLogger.java:232]- CayenneDatabasePsmlManagerService: error in refresh-rate configuration: using default
